<?xml version="1.0" encoding="UTF-8"?>
<testsuite name="org.example.service.TodoServiceTest" tests="2" skipped="0" failures="0" errors="0" timestamp="2021-12-09T16:20:09" hostname="DESKTOP-24E39V3" time="0.441">
  <properties/>
  <testcase name="searchById()" classname="org.example.service.TodoServiceTest" time="0.416"/>
  <testcase name="add()" classname="org.example.service.TodoServiceTest" time="0.025"/>
  <system-out><![CDATA[]]></system-out>
  <system-err><![CDATA[]]></system-err>
</testsuite>
